platforms/android/app/build/outputs/logs/manifest-merger-debug-report.txt
-- Merging decision tree log ---
manifest
ADDED from src/main/AndroidManifest.xml:2:1-26:12
INJECTED from src/main/AndroidManifest.xml:2:1-26:12
INJECTED from src/main/AndroidManifest.xml:2:1-26:12
INJECTED from src/main/AndroidManifest.xml:2:1-26:12
MERGED from [com.onesignal:OneSignal:3.15.3] AndroidManifest.xml:2:1-122:12
MERGED from [com.android.support:cardview-v7:27.1.1] AndroidManifest.xml:17:1-22:12
MERGED from [com.google.firebase:firebase-messaging:17.3.3] AndroidManifest.xml:17:1-37:12
MERGED from [com.google.android.gms:play-services-location:15.0.1] AndroidManifest.xml:2:1-9:12
MERGED from [com.google.android.gms:play-services-ads-identifier:16.0.0] AndroidManifest.xml:17:1-24:12
MERGED from [com.google.firebase:firebase-iid:17.0.3] AndroidManifest.xml:17:1-59:12
MERGED from [com.google.firebase:firebase-iid-interop:16.0.1] AndroidManifest.xml:2:1-10:12
MERGED from [com.google.android.gms:play-services-base:16.0.1] AndroidManifest.xml:17:1-29:12
MERGED from [com.google.firebase:firebase-common:16.0.3] AndroidManifest.xml:2:1-17:12
MERGED from [com.google.firebase:firebase-measurement-connector:17.0.1] AndroidManifest.xml:17:1-25:12
MERGED from [com.google.android.gms:play-services-places-placereport:15.0.1] AndroidManifest.xml:17:1-24:12
MERGED from [com.google.android.gms:play-services-stats:16.0.1] AndroidManifest.xml:2:1-9:12
MERGED from [com.google.android.gms:play-services-tasks:16.0.1] AndroidManifest.xml:2:1-9:12
MERGED from [com.google.android.gms:play-services-basement:16.0.1] AndroidManifest.xml:17:1-28:12
MERGED from [com.android.support:support-v4:27.1.1] AndroidManifest.xml:17:1-22:12
MERGED from [com.android.support:support-fragment:27.1.1] AndroidManifest.xml:17:1-22:12
MERGED from [com.android.support:customtabs:27.1.1] AndroidManifest.xml:17:1-22:12
MERGED from [com.android.support:support-core-ui:27.1.1] AndroidManifest.xml:17:1-22:12
MERGED from [com.android.support:support-core-utils:27.1.1] AndroidManifest.xml:17:1-22:12
MERGED from [com.android.support:support-media-compat:27.1.1] AndroidManifest.xml:17:1-22:12
MERGED from [com.android.support:support-compat:27.1.1] AndroidManifest.xml:17:1-22:12
MERGED from [:CordovaLib] AndroidManifest.xml:20:1-27:12
MERGED from [android.arch.lifecycle:livedata-core:1.1.0] AndroidManifest.xml:17:1-22:12
MERGED from [android.arch.lifecycle:viewmodel:1.1.0] AndroidManifest.xml:17:1-22:12
MERGED from [android.arch.lifecycle:runtime:1.1.0] AndroidManifest.xml:17:1-22:12
MERGED from [android.arch.core:runtime:1.1.0] AndroidManifest.xml:17:1-22:12
INJECTED from src/main/AndroidManifest.xml:2:1-26:12
INJECTED from src/main/AndroidManifest.xml:2:1-26:12
INJECTED from src/main/AndroidManifest.xml:2:1-26:12
	package
		ADDED from src/main/AndroidManifest.xml:2:98-130
		INJECTED from src/main/AndroidManifest.xml
		INJECTED from src/main/AndroidManifest.xml
	android:versionName
		ADDED from src/main/AndroidManifest.xml:2:70-97
		INJECTED from src/main/AndroidManifest.xml
		INJECTED from src/main/AndroidManifest.xml
	android:hardwareAccelerated
		ADDED from src/main/AndroidManifest.xml:2:11-45
	xmlns:android
		ADDED from src/main/AndroidManifest.xml:2:131-189
	android:versionCode
		ADDED from src/main/AndroidManifest.xml:2:46-69
		INJECTED from src/main/AndroidManifest.xml
		INJECTED from src/main/AndroidManifest.xml
supports-screens
ADDED from src/main/AndroidManifest.xml:3:5-191
	android:largeScreens
		ADDED from src/main/AndroidManifest.xml:3:49-76
	android:smallScreens
		ADDED from src/main/AndroidManifest.xml:3:132-159
	android:normalScreens
		ADDED from src/main/AndroidManifest.xml:3:77-105
	android:xlargeScreens
		ADDED from src/main/AndroidManifest.xml:3:160-188
	android:resizeable
		ADDED from src/main/AndroidManifest.xml:3:106-131
	android:anyDensity
		ADDED from src/main/AndroidManifest.xml:3:23-48
uses-permission#android.permission.INTERNET
ADDED from src/main/AndroidManifest.xml:4:5-67
MERGED from [com.onesignal:OneSignal:3.15.3] AndroidManifest.xml:16:5-67
MERGED from [com.onesignal:OneSignal:3.15.3] AndroidManifest.xml:16:5-67
MERGED from [com.google.firebase:firebase-iid:17.0.3] AndroidManifest.xml:23:5-67
MERGED from [com.google.firebase:firebase-iid:17.0.3] AndroidManifest.xml:23:5-67
	android:name
		ADDED from src/main/AndroidManifest.xml:4:22-64
application
ADDED from src/main/AndroidManifest.xml:5:5-21:19
MERGED from [com.onesignal:OneSignal:3.15.3] AndroidManifest.xml:48:5-120:19
MERGED from [com.onesignal:OneSignal:3.15.3] AndroidManifest.xml:48:5-120:19
MERGED from [com.google.firebase:firebase-messaging:17.3.3] AndroidManifest.xml:22:5-35:19
MERGED from [com.google.firebase:firebase-messaging:17.3.3] AndroidManifest.xml:22:5-35:19
MERGED from [com.google.android.gms:play-services-location:15.0.1] AndroidManifest.xml:7:5-20
MERGED from [com.google.android.gms:play-services-location:15.0.1] AndroidManifest.xml:7:5-20
MERGED from [com.google.android.gms:play-services-ads-identifier:16.0.0] AndroidManifest.xml:22:5-20
MERGED from [com.google.android.gms:play-services-ads-identifier:16.0.0] AndroidManifest.xml:22:5-20
MERGED from [com.google.firebase:firebase-iid:17.0.3] AndroidManifest.xml:28:5-57:19
MERGED from [com.google.firebase:firebase-iid:17.0.3] AndroidManifest.xml:28:5-57:19
MERGED from [com.google.firebase:firebase-iid-interop:16.0.1] AndroidManifest.xml:7:5-8:19
MERGED from [com.google.firebase:firebase-iid-interop:16.0.1] AndroidManifest.xml:7:5-8:19
MERGED from [com.google.android.gms:play-services-base:16.0.1] AndroidManifest.xml:22:5-27:19
MERGED from [com.google.android.gms:play-services-base:16.0.1] AndroidManifest.xml:22:5-27:19
MERGED from [com.google.firebase:firebase-common:16.0.3] AndroidManifest.xml:9:5-15:19
MERGED from [com.google.firebase:firebase-common:16.0.3] AndroidManifest.xml:9:5-15:19
MERGED from [com.google.firebase:firebase-measurement-connector:17.0.1] AndroidManifest.xml:22:5-23:19
MERGED from [com.google.firebase:firebase-measurement-connector:17.0.1] AndroidManifest.xml:22:5-23:19
MERGED from [com.google.android.gms:play-services-places-placereport:15.0.1] AndroidManifest.xml:22:5-20
MERGED from [com.google.android.gms:play-services-places-placereport:15.0.1] AndroidManifest.xml:22:5-20
MERGED from [com.google.android.gms:play-services-stats:16.0.1] AndroidManifest.xml:7:5-20
MERGED from [com.google.android.gms:play-services-stats:16.0.1] AndroidManifest.xml:7:5-20
MERGED from [com.google.android.gms:play-services-tasks:16.0.1] AndroidManifest.xml:7:5-20
MERGED from [com.google.android.gms:play-services-tasks:16.0.1] AndroidManifest.xml:7:5-20
MERGED from [com.google.android.gms:play-services-basement:16.0.1] AndroidManifest.xml:22:5-26:19
MERGED from [com.google.android.gms:play-services-basement:16.0.1] AndroidManifest.xml:22:5-26:19
	android:supportsRtl
		ADDED from src/main/AndroidManifest.xml:5:175-201
	android:label
		ADDED from src/main/AndroidManifest.xml:5:81-113
	android:hardwareAccelerated
		ADDED from src/main/AndroidManifest.xml:5:18-52
	android:icon
		ADDED from src/main/AndroidManifest.xml:5:53-80
	android:networkSecurityConfig
		ADDED from src/main/AndroidManifest.xml:5:114-174
activity#test.promoshop.apptest.MainActivity
ADDED from src/main/AndroidManifest.xml:6:9-11:20
	android:label
		ADDED from src/main/AndroidManifest.xml:6:97-134
	android:launchMode
		ADDED from src/main/AndroidManifest.xml:6:135-165
	android:windowSoftInputMode
		ADDED from src/main/AndroidManifest.xml:6:257-299
	android:configChanges
		ADDED from src/main/AndroidManifest.xml:6:19-96
	android:theme
		ADDED from src/main/AndroidManifest.xml:6:194-256
	android:name
		ADDED from src/main/AndroidManifest.xml:6:166-193
intent-filter#android.intent.action.MAIN+android.intent.category.LAUNCHER
ADDED from src/main/AndroidManifest.xml:7:13-10:29
	android:label
		ADDED from src/main/AndroidManifest.xml:7:28-65
action#android.intent.action.MAIN
ADDED from src/main/AndroidManifest.xml:8:17-69
	android:name
		ADDED from src/main/AndroidManifest.xml:8:25-66
category#android.intent.category.LAUNCHER
ADDED from src/main/AndroidManifest.xml:9:17-77
	android:name
		ADDED from src/main/AndroidManifest.xml:9:27-74
amazon:enable-feature
ADDED from src/main/AndroidManifest.xml:12:9-159
	xmlns:amazon
		ADDED from src/main/AndroidManifest.xml:12:100-156
	android:required
		ADDED from src/main/AndroidManifest.xml:12:75-99
	android:name
		ADDED from src/main/AndroidManifest.xml:12:32-74
service#com.onesignal.ADMMessageHandler
ADDED from src/main/AndroidManifest.xml:13:9-92
	android:exported
		ADDED from src/main/AndroidManifest.xml:13:18-42
	android:name
		ADDED from src/main/AndroidManifest.xml:13:43-89
receiver#com.onesignal.ADMMessageHandler$Receiver
ADDED from src/main/AndroidManifest.xml:14:9-20:20
	android:permission
		ADDED from src/main/AndroidManifest.xml:14:75-139
	android:name
		ADDED from src/main/AndroidManifest.xml:14:19-74
intent-filter#com.amazon.device.messaging.intent.RECEIVE+com.amazon.device.messaging.intent.REGISTRATION+test.promoshop.pushapp001
ADDED from src/main/AndroidManifest.xml:15:13-19:29
action#com.amazon.device.messaging.intent.REGISTRATION
ADDED from src/main/AndroidManifest.xml:16:17-90
	android:name
		ADDED from src/main/AndroidManifest.xml:16:25-87
action#com.amazon.device.messaging.intent.RECEIVE
ADDED from src/main/AndroidManifest.xml:17:17-85
	android:name
		ADDED from src/main/AndroidManifest.xml:17:25-82
category#test.promoshop.pushapp001
ADDED from src/main/AndroidManifest.xml:18:17-70
	android:name
		ADDED from src/main/AndroidManifest.xml:18:27-67
uses-sdk
ADDED from src/main/AndroidManifest.xml:22:5-74
INJECTED from src/main/AndroidManifest.xml:22:5-74
MERGED from [com.onesignal:OneSignal:3.15.3] AndroidManifest.xml:4:5-44
MERGED from [com.onesignal:OneSignal:3.15.3] AndroidManifest.xml:4:5-44
MERGED from [com.android.support:cardview-v7:27.1.1] AndroidManifest.xml:20:5-44
MERGED from [com.android.support:cardview-v7:27.1.1] AndroidManifest.xml:20:5-44
MERGED from [com.google.firebase:firebase-messaging:17.3.3] AndroidManifest.xml:20:5-44
MERGED from [com.google.firebase:firebase-messaging:17.3.3] AndroidManifest.xml:20:5-44
MERGED from [com.google.android.gms:play-services-location:15.0.1] AndroidManifest.xml:5:5-44
MERGED from [com.google.android.gms:play-services-location:15.0.1] AndroidManifest.xml:5:5-44
MERGED from [com.google.android.gms:play-services-ads-identifier:16.0.0] AndroidManifest.xml:20:5-44
MERGED from [com.google.android.gms:play-services-ads-identifier:16.0.0] AndroidManifest.xml:20:5-44
MERGED from [com.google.firebase:firebase-iid:17.0.3] AndroidManifest.xml:20:5-44
MERGED from [com.google.firebase:firebase-iid:17.0.3] AndroidManifest.xml:20:5-44
MERGED from [com.google.firebase:firebase-iid-interop:16.0.1] AndroidManifest.xml:5:5-44
MERGED from [com.google.firebase:firebase-iid-interop:16.0.1] AndroidManifest.xml:5:5-44
MERGED from [com.google.android.gms:play-services-base:16.0.1] AndroidManifest.xml:20:5-44
MERGED from [com.google.android.gms:play-services-base:16.0.1] AndroidManifest.xml:20:5-44
MERGED from [com.google.firebase:firebase-common:16.0.3] AndroidManifest.xml:5:5-7:41
MERGED from [com.google.firebase:firebase-common:16.0.3] AndroidManifest.xml:5:5-7:41
MERGED from [com.google.firebase:firebase-measurement-connector:17.0.1] AndroidManifest.xml:20:5-44
MERGED from [com.google.firebase:firebase-measurement-connector:17.0.1] AndroidManifest.xml:20:5-44
MERGED from [com.google.android.gms:play-services-places-placereport:15.0.1] AndroidManifest.xml:20:5-44
MERGED from [com.google.android.gms:play-services-places-placereport:15.0.1] AndroidManifest.xml:20:5-44
MERGED from [com.google.android.gms:play-services-stats:16.0.1] AndroidManifest.xml:5:5-44
MERGED from [com.google.android.gms:play-services-stats:16.0.1] AndroidManifest.xml:5:5-44
MERGED from [com.google.android.gms:play-services-tasks:16.0.1] AndroidManifest.xml:5:5-44
MERGED from [com.google.android.gms:play-services-tasks:16.0.1] AndroidManifest.xml:5:5-44
MERGED from [com.google.android.gms:play-services-basement:16.0.1] AndroidManifest.xml:20:5-44
MERGED from [com.google.android.gms:play-services-basement:16.0.1] AndroidManifest.xml:20:5-44
MERGED from [com.android.support:support-v4:27.1.1] AndroidManifest.xml:20:5-44
MERGED from [com.android.support:support-v4:27.1.1] AndroidManifest.xml:20:5-44
MERGED from [com.android.support:support-fragment:27.1.1] AndroidManifest.xml:20:5-44
MERGED from [com.android.support:support-fragment:27.1.1] AndroidManifest.xml:20:5-44
MERGED from [com.android.support:customtabs:27.1.1] AndroidManifest.xml:20:5-44
MERGED from [com.android.support:customtabs:27.1.1] AndroidManifest.xml:20:5-44
MERGED from [com.android.support:support-core-ui:27.1.1] AndroidManifest.xml:20:5-44
MERGED from [com.android.support:support-core-ui:27.1.1] AndroidManifest.xml:20:5-44
MERGED from [com.android.support:support-core-utils:27.1.1] AndroidManifest.xml:20:5-44
MERGED from [com.android.support:support-core-utils:27.1.1] AndroidManifest.xml:20:5-44
MERGED from [com.android.support:support-media-compat:27.1.1] AndroidManifest.xml:20:5-44
MERGED from [com.android.support:support-media-compat:27.1.1] AndroidManifest.xml:20:5-44
MERGED from [com.android.support:support-compat:27.1.1] AndroidManifest.xml:20:5-44
MERGED from [com.android.support:support-compat:27.1.1] AndroidManifest.xml:20:5-44
MERGED from [:CordovaLib] AndroidManifest.xml:25:5-44
MERGED from [:CordovaLib] AndroidManifest.xml:25:5-44
MERGED from [android.arch.lifecycle:livedata-core:1.1.0] AndroidManifest.xml:20:5-44
MERGED from [android.arch.lifecycle:livedata-core:1.1.0] AndroidManifest.xml:20:5-44
MERGED from [android.arch.lifecycle:viewmodel:1.1.0] AndroidManifest.xml:20:5-44
MERGED from [android.arch.lifecycle:viewmodel:1.1.0] AndroidManifest.xml:20:5-44
MERGED from [android.arch.lifecycle:runtime:1.1.0] AndroidManifest.xml:20:5-44
MERGED from [android.arch.lifecycle:runtime:1.1.0] AndroidManifest.xml:20:5-44
MERGED from [android.arch.core:runtime:1.1.0] AndroidManifest.xml:20:5-44
MERGED from [android.arch.core:runtime:1.1.0] AndroidManifest.xml:20:5-44
INJECTED from src/main/AndroidManifest.xml:22:5-74
	android:targetSdkVersion
		ADDED from src/main/AndroidManifest.xml:22:42-71
	android:minSdkVersion
		ADDED from src/main/AndroidManifest.xml:22:15-41
		INJECTED from src/main/AndroidManifest.xml
		INJECTED from src/main/AndroidManifest.xml
uses-permission#com.amazon.device.messaging.permission.RECEIVE
ADDED from src/main/AndroidManifest.xml:23:5-86
	android:name
		ADDED from src/main/AndroidManifest.xml:23:22-83
permission#test.promoshop.pushapp001.permission.RECEIVE_ADM_MESSAGE
ADDED from src/main/AndroidManifest.xml:24:5-127
	android:protectionLevel
		ADDED from src/main/AndroidManifest.xml:24:89-124
	android:name
		ADDED from src/main/AndroidManifest.xml:24:17-88
uses-permission#test.promoshop.pushapp001.permission.RECEIVE_ADM_MESSAGE
ADDED from src/main/AndroidManifest.xml:25:5-96
	android:name
		ADDED from src/main/AndroidManifest.xml:25:22-93
permission#${applicationId}.permission.C2D_MESSAGE
ADDED from [com.onesignal:OneSignal:3.15.3] AndroidManifest.xml:7:5-9:47
	android:protectionLevel
		ADDED from [com.onesignal:OneSignal:3.15.3] AndroidManifest.xml:9:9-44
	android:name
		ADDED from [com.onesignal:OneSignal:3.15.3] AndroidManifest.xml:8:9-63
permission#test.promoshop.apptest.permission.C2D_MESSAGE
ADDED from [com.onesignal:OneSignal:3.15.3] AndroidManifest.xml:7:5-9:47
	android:protectionLevel
		ADDED from [com.onesignal:OneSignal:3.15.3] AndroidManifest.xml:9:9-44
	android:name
		ADDED from [com.onesignal:OneSignal:3.15.3] AndroidManifest.xml:8:9-63
uses-permission#${applicationId}.permission.C2D_MESSAGE
ADDED from [com.onesignal:OneSignal:3.15.3] AndroidManifest.xml:11:5-79
	android:name
		ADDED from [com.onesignal:OneSignal:3.15.3] AndroidManifest.xml:11:22-76
uses-permission#test.promoshop.apptest.permission.C2D_MESSAGE
ADDED from [com.onesignal:OneSignal:3.15.3] AndroidManifest.xml:11:5-79
	android:name
		ADDED from [com.onesignal:OneSignal:3.15.3] AndroidManifest.xml:11:22-76
uses-permission#com.google.android.c2dm.permission.RECEIVE
ADDED from [com.onesignal:OneSignal:3.15.3] AndroidManifest.xml:17:5-82
MERGED from [com.google.firebase:firebase-iid:17.0.3] AndroidManifest.xml:26:5-82
MERGED from [com.google.firebase:firebase-iid:17.0.3] AndroidManifest.xml:26:5-82
	android:name
		ADDED from [com.onesignal:OneSignal:3.15.3] AndroidManifest.xml:17:22-79
uses-permission#android.permission.WAKE_LOCK
ADDED from [com.onesignal:OneSignal:3.15.3] AndroidManifest.xml:18:5-68
MERGED from [com.google.firebase:firebase-iid:17.0.3] AndroidManifest.xml:24:5-68
MERGED from [com.google.firebase:firebase-iid:17.0.3] AndroidManifest.xml:24:5-68
	android:name
		ADDED from [com.onesignal:OneSignal:3.15.3] AndroidManifest.xml:18:22-65
uses-permission#android.permission.VIBRATE
ADDED from [com.onesignal:OneSignal:3.15.3] AndroidManifest.xml:23:5-66
	android:name
		ADDED from [com.onesignal:OneSignal:3.15.3] AndroidManifest.xml:23:22-63
uses-permission#android.permission.ACCESS_NETWORK_STATE
ADDED from [com.onesignal:OneSignal:3.15.3] AndroidManifest.xml:24:5-79
MERGED from [com.google.firebase:firebase-iid:17.0.3] AndroidManifest.xml:22:5-79
MERGED from [com.google.firebase:firebase-iid:17.0.3] AndroidManifest.xml:22:5-79
	android:name
		ADDED from [com.onesignal:OneSignal:3.15.3] AndroidManifest.xml:24:22-76
uses-permission#android.permission.RECEIVE_BOOT_COMPLETED
ADDED from [com.onesignal:OneSignal:3.15.3] AndroidManifest.xml:29:5-81
	android:name
		ADDED from [com.onesignal:OneSignal:3.15.3] AndroidManifest.xml:29:22-78
uses-permission#com.sec.android.provider.badge.permission.READ
ADDED from [com.onesignal:OneSignal:3.15.3] AndroidManifest.xml:31:5-86
	android:name
		ADDED from [com.onesignal:OneSignal:3.15.3] AndroidManifest.xml:31:22-83
uses-permission#com.sec.android.provider.badge.permission.WRITE
ADDED from [com.onesignal:OneSignal:3.15.3] AndroidManifest.xml:32:5-87
	android:name
		ADDED from [com.onesignal:OneSignal:3.15.3] AndroidManifest.xml:32:22-84
uses-permission#com.htc.launcher.permission.READ_SETTINGS
ADDED from [com.onesignal:OneSignal:3.15.3] AndroidManifest.xml:33:5-81
	android:name
		ADDED from [com.onesignal:OneSignal:3.15.3] AndroidManifest.xml:33:22-78
uses-permission#com.htc.launcher.permission.UPDATE_SHORTCUT
ADDED from [com.onesignal:OneSignal:3.15.3] AndroidManifest.xml:34:5-83
	android:name
		ADDED from [com.onesignal:OneSignal:3.15.3] AndroidManifest.xml:34:22-80
uses-permission#com.sonyericsson.home.permission.BROADCAST_BADGE
ADDED from [com.onesignal:OneSignal:3.15.3] AndroidManifest.xml:35:5-88
	android:name
		ADDED from [com.onesignal:OneSignal:3.15.3] AndroidManifest.xml:35:22-85
uses-permission#com.sonymobile.home.permission.PROVIDER_INSERT_BADGE
ADDED from [com.onesignal:OneSignal:3.15.3] AndroidManifest.xml:36:5-92
	android:name
		ADDED from [com.onesignal:OneSignal:3.15.3] AndroidManifest.xml:36:22-89
uses-permission#com.anddoes.launcher.permission.UPDATE_COUNT
ADDED from [com.onesignal:OneSignal:3.15.3] AndroidManifest.xml:37:5-84
	android:name
		ADDED from [com.onesignal:OneSignal:3.15.3] AndroidManifest.xml:37:22-81
uses-permission#com.majeur.launcher.permission.UPDATE_BADGE
ADDED from [com.onesignal:OneSignal:3.15.3] AndroidManifest.xml:38:5-83
	android:name
		ADDED from [com.onesignal:OneSignal:3.15.3] AndroidManifest.xml:38:22-80
uses-permission#com.huawei.android.launcher.permission.CHANGE_BADGE
ADDED from [com.onesignal:OneSignal:3.15.3] AndroidManifest.xml:39:5-91
	android:name
		ADDED from [com.onesignal:OneSignal:3.15.3] AndroidManifest.xml:39:22-88
uses-permission#com.huawei.android.launcher.permission.READ_SETTINGS
ADDED from [com.onesignal:OneSignal:3.15.3] AndroidManifest.xml:40:5-92
	android:name
		ADDED from [com.onesignal:OneSignal:3.15.3] AndroidManifest.xml:40:22-89
uses-permission#com.huawei.android.launcher.permission.WRITE_SETTINGS
ADDED from [com.onesignal:OneSignal:3.15.3] AndroidManifest.xml:41:5-93
	android:name
		ADDED from [com.onesignal:OneSignal:3.15.3] AndroidManifest.xml:41:22-90
uses-permission#android.permission.READ_APP_BADGE
ADDED from [com.onesignal:OneSignal:3.15.3] AndroidManifest.xml:42:5-73
	android:name
		ADDED from [com.onesignal:OneSignal:3.15.3] AndroidManifest.xml:42:22-70
uses-permission#com.oppo.launcher.permission.READ_SETTINGS
ADDED from [com.onesignal:OneSignal:3.15.3] AndroidManifest.xml:43:5-82
	android:name
		ADDED from [com.onesignal:OneSignal:3.15.3] AndroidManifest.xml:43:22-79
uses-permission#com.oppo.launcher.permission.WRITE_SETTINGS
ADDED from [com.onesignal:OneSignal:3.15.3] AndroidManifest.xml:44:5-83
	android:name
		ADDED from [com.onesignal:OneSignal:3.15.3] AndroidManifest.xml:44:22-80
uses-permission#me.everything.badger.permission.BADGE_COUNT_READ
ADDED from [com.onesignal:OneSignal:3.15.3] AndroidManifest.xml:45:5-88
	android:name
		ADDED from [com.onesignal:OneSignal:3.15.3] AndroidManifest.xml:45:22-85
uses-permission#me.everything.badger.permission.BADGE_COUNT_WRITE
ADDED from [com.onesignal:OneSignal:3.15.3] AndroidManifest.xml:46:5-89
	android:name
		ADDED from [com.onesignal:OneSignal:3.15.3] AndroidManifest.xml:46:22-86
meta-data#onesignal_app_id
ADDED from [com.onesignal:OneSignal:3.15.3] AndroidManifest.xml:49:9-51:51
	android:value
		ADDED from [com.onesignal:OneSignal:3.15.3] AndroidManifest.xml:51:13-48
	android:name
		ADDED from [com.onesignal:OneSignal:3.15.3] AndroidManifest.xml:50:13-44
meta-data#onesignal_google_project_number
ADDED from [com.onesignal:OneSignal:3.15.3] AndroidManifest.xml:53:9-55:70
	android:value
		ADDED from [com.onesignal:OneSignal:3.15.3] AndroidManifest.xml:55:13-67
	android:name
		ADDED from [com.onesignal:OneSignal:3.15.3] AndroidManifest.xml:54:13-59
receiver#com.onesignal.GcmBroadcastReceiver
ADDED from [com.onesignal:OneSignal:3.15.3] AndroidManifest.xml:57:9-67:20
	android:permission
		ADDED from [com.onesignal:OneSignal:3.15.3] AndroidManifest.xml:59:13-73
	android:name
		ADDED from [com.onesignal:OneSignal:3.15.3] AndroidManifest.xml:58:13-62
intent-filter#${applicationId}+com.google.android.c2dm.intent.RECEIVE
ADDED from [com.onesignal:OneSignal:3.15.3] AndroidManifest.xml:62:13-66:29
	android:priority
		ADDED from [com.onesignal:OneSignal:3.15.3] AndroidManifest.xml:62:28-50
intent-filter#com.google.android.c2dm.intent.RECEIVE+test.promoshop.apptest
ADDED from [com.onesignal:OneSignal:3.15.3] AndroidManifest.xml:62:13-66:29
	android:priority
		ADDED from [com.onesignal:OneSignal:3.15.3] AndroidManifest.xml:62:28-50
action#com.google.android.c2dm.intent.RECEIVE
ADDED from [com.onesignal:OneSignal:3.15.3] AndroidManifest.xml:63:17-81
	android:name
		ADDED from [com.onesignal:OneSignal:3.15.3] AndroidManifest.xml:63:25-78
category#${applicationId}
ADDED from [com.onesignal:OneSignal:3.15.3] AndroidManifest.xml:65:17-61
	android:name
		ADDED from [com.onesignal:OneSignal:3.15.3] AndroidManifest.xml:65:27-58
category#test.promoshop.apptest
ADDED from [com.onesignal:OneSignal:3.15.3] AndroidManifest.xml:65:17-61
	android:name
		ADDED from [com.onesignal:OneSignal:3.15.3] AndroidManifest.xml:65:27-58
receiver#com.onesignal.NotificationOpenedReceiver
ADDED from [com.onesignal:OneSignal:3.15.3] AndroidManifest.xml:68:9-77
	android:name
		ADDED from [com.onesignal:OneSignal:3.15.3] AndroidManifest.xml:68:19-74
service#com.onesignal.HmsMessageServiceOneSignal
ADDED from [com.onesignal:OneSignal:3.15.3] AndroidManifest.xml:70:9-76:19
	android:exported
		ADDED from [com.onesignal:OneSignal:3.15.3] AndroidManifest.xml:72:13-37
	android:name
		ADDED from [com.onesignal:OneSignal:3.15.3] AndroidManifest.xml:71:13-68
intent-filter#com.huawei.push.action.MESSAGING_EVENT
ADDED from [com.onesignal:OneSignal:3.15.3] AndroidManifest.xml:73:13-75:29
action#com.huawei.push.action.MESSAGING_EVENT
ADDED from [com.onesignal:OneSignal:3.15.3] AndroidManifest.xml:74:17-81
	android:name
		ADDED from [com.onesignal:OneSignal:3.15.3] AndroidManifest.xml:74:25-78
activity#com.onesignal.NotificationOpenedActivityHMS
ADDED from [com.onesignal:OneSignal:3.15.3] AndroidManifest.xml:78:9-84:20
	android:theme
		ADDED from [com.onesignal:OneSignal:3.15.3] AndroidManifest.xml:80:13-72
	android:name
		ADDED from [com.onesignal:OneSignal:3.15.3] AndroidManifest.xml:79:13-71
intent-filter#android.intent.action.VIEW
ADDED from [com.onesignal:OneSignal:3.15.3] AndroidManifest.xml:81:13-83:29
action#android.intent.action.VIEW
ADDED from [com.onesignal:OneSignal:3.15.3] AndroidManifest.xml:82:17-69
	android:name
		ADDED from [com.onesignal:OneSignal:3.15.3] AndroidManifest.xml:82:25-66
service#com.onesignal.GcmIntentService
ADDED from [com.onesignal:OneSignal:3.15.3] AndroidManifest.xml:86:9-66
	android:name
		ADDED from [com.onesignal:OneSignal:3.15.3] AndroidManifest.xml:86:18-63
service#com.onesignal.GcmIntentJobService
ADDED from [com.onesignal:OneSignal:3.15.3] AndroidManifest.xml:87:9-89:72
	android:permission
		ADDED from [com.onesignal:OneSignal:3.15.3] AndroidManifest.xml:89:13-69
	android:name
		ADDED from [com.onesignal:OneSignal:3.15.3] AndroidManifest.xml:88:13-61
service#com.onesignal.RestoreJobService
ADDED from [com.onesignal:OneSignal:3.15.3] AndroidManifest.xml:90:9-92:72
	android:permission
		ADDED from [com.onesignal:OneSignal:3.15.3] AndroidManifest.xml:92:13-69
	android:name
		ADDED from [com.onesignal:OneSignal:3.15.3] AndroidManifest.xml:91:13-59
service#com.onesignal.RestoreKickoffJobService
ADDED from [com.onesignal:OneSignal:3.15.3] AndroidManifest.xml:93:9-95:72
	android:permission
		ADDED from [com.onesignal:OneSignal:3.15.3] AndroidManifest.xml:95:13-69
	android:name
		ADDED from [com.onesignal:OneSignal:3.15.3] AndroidManifest.xml:94:13-66
service#com.onesignal.SyncService
ADDED from [com.onesignal:OneSignal:3.15.3] AndroidManifest.xml:96:9-98:43
	android:stopWithTask
		ADDED from [com.onesignal:OneSignal:3.15.3] AndroidManifest.xml:98:13-40
	android:name
		ADDED from [com.onesignal:OneSignal:3.15.3] AndroidManifest.xml:97:13-53
service#com.onesignal.SyncJobService
ADDED from [com.onesignal:OneSignal:3.15.3] AndroidManifest.xml:99:9-101:72
	android:permission
		ADDED from [com.onesignal:OneSignal:3.15.3] AndroidManifest.xml:101:13-69
	android:name
		ADDED from [com.onesignal:OneSignal:3.15.3] AndroidManifest.xml:100:13-56
activity#com.onesignal.PermissionsActivity
ADDED from [com.onesignal:OneSignal:3.15.3] AndroidManifest.xml:103:9-105:75
	android:theme
		ADDED from [com.onesignal:OneSignal:3.15.3] AndroidManifest.xml:105:13-72
	android:name
		ADDED from [com.onesignal:OneSignal:3.15.3] AndroidManifest.xml:104:13-61
service#com.onesignal.NotificationRestoreService
ADDED from [com.onesignal:OneSignal:3.15.3] AndroidManifest.xml:107:9-76
	android:name
		ADDED from [com.onesignal:OneSignal:3.15.3] AndroidManifest.xml:107:18-73
receiver#com.onesignal.BootUpReceiver
ADDED from [com.onesignal:OneSignal:3.15.3] AndroidManifest.xml:109:9-114:20
	android:name
		ADDED from [com.onesignal:OneSignal:3.15.3] AndroidManifest.xml:109:19-62
intent-filter#android.intent.action.BOOT_COMPLETED+android.intent.action.QUICKBOOT_POWERON
ADDED from [com.onesignal:OneSignal:3.15.3] AndroidManifest.xml:110:13-113:29
action#android.intent.action.BOOT_COMPLETED
ADDED from [com.onesignal:OneSignal:3.15.3] AndroidManifest.xml:111:17-79
	android:name
		ADDED from [com.onesignal:OneSignal:3.15.3] AndroidManifest.xml:111:25-76
action#android.intent.action.QUICKBOOT_POWERON
ADDED from [com.onesignal:OneSignal:3.15.3] AndroidManifest.xml:112:17-82
	android:name
		ADDED from [com.onesignal:OneSignal:3.15.3] AndroidManifest.xml:112:25-79
receiver#com.onesignal.UpgradeReceiver
ADDED from [com.onesignal:OneSignal:3.15.3] AndroidManifest.xml:115:9-119:20
	android:name
		ADDED from [com.onesignal:OneSignal:3.15.3] AndroidManifest.xml:115:19-63
intent-filter#android.intent.action.MY_PACKAGE_REPLACED
ADDED from [com.onesignal:OneSignal:3.15.3] AndroidManifest.xml:116:13-118:29
action#android.intent.action.MY_PACKAGE_REPLACED
ADDED from [com.onesignal:OneSignal:3.15.3] AndroidManifest.xml:117:17-84
	android:name
		ADDED from [com.onesignal:OneSignal:3.15.3] AndroidManifest.xml:117:25-81
service#com.google.firebase.messaging.FirebaseMessagingService
ADDED from [com.google.firebase:firebase-messaging:17.3.3] AndroidManifest.xml:28:9-34:19
	android:exported
		ADDED from [com.google.firebase:firebase-messaging:17.3.3] AndroidManifest.xml:30:13-36
	android:name
		ADDED from [com.google.firebase:firebase-messaging:17.3.3] AndroidManifest.xml:29:13-82
intent-filter#com.google.firebase.MESSAGING_EVENT
ADDED from [com.google.firebase:firebase-messaging:17.3.3] AndroidManifest.xml:31:13-33:29
	android:priority
		ADDED from [com.google.firebase:firebase-messaging:17.3.3] AndroidManifest.xml:31:28-51
action#com.google.firebase.MESSAGING_EVENT
ADDED from [com.google.firebase:firebase-messaging:17.3.3] AndroidManifest.xml:32:17-78
	android:name
		ADDED from [com.google.firebase:firebase-messaging:17.3.3] AndroidManifest.xml:32:25-75
service#com.google.firebase.components.ComponentDiscoveryService
ADDED from [com.google.firebase:firebase-iid:17.0.3] AndroidManifest.xml:29:9-35:19
	android:exported
		ADDED from [com.google.firebase:firebase-iid:17.0.3] AndroidManifest.xml:31:13-37
	android:name
		ADDED from [com.google.firebase:firebase-iid:17.0.3] AndroidManifest.xml:30:13-84
meta-data#com.google.firebase.components:com.google.firebase.iid.Registrar
ADDED from [com.google.firebase:firebase-iid:17.0.3] AndroidManifest.xml:32:13-34:85
	android:value
		ADDED from [com.google.firebase:firebase-iid:17.0.3] AndroidManifest.xml:34:17-82
	android:name
		ADDED from [com.google.firebase:firebase-iid:17.0.3] AndroidManifest.xml:33:17-96
receiver#com.google.firebase.iid.FirebaseInstanceIdReceiver
ADDED from [com.google.firebase:firebase-iid:17.0.3] AndroidManifest.xml:37:9-44:20
	android:exported